<?xml version="1.0" ?><testsuite name="org.openstreetmap.josm.io.OverpassDownloadReaderTest" time="0.327" timestamp="2026-02-04T20:42:58" tests="8" failures="0" skipped="0" aborted="0"><properties>
[...]
</properties><testcase classname="org.openstreetmap.josm.io.OverpassDownloadReaderTest" name="testFixQuery()" time="0.001"></testcase><testcase classname="org.openstreetmap.josm.io.OverpassDownloadReaderTest" name="testGeocodeArea()" time="0.002"></testcase><testcase classname="org.openstreetmap.josm.io.OverpassDownloadReaderTest" name="testDate()" time="0.001"></testcase><testcase classname="org.openstreetmap.josm.io.OverpassDownloadReaderTest" name="testOutputFormatStatement()" time="0.0"></testcase><testcase classname="org.openstreetmap.josm.io.OverpassDownloadReaderTest" name="testGeocodeUnknownArea()" time="0.003"></testcase><testcase classname="org.openstreetmap.josm.io.OverpassDownloadReaderTest" name="testBbox()" time="0.002"></testcase><testcase classname="org.openstreetmap.josm.io.OverpassDownloadReaderTest" name="testDateNewer()" time="0.001"></testcase><testcase classname="org.openstreetmap.josm.io.OverpassDownloadReaderTest" name="testSearchName()" time="0.002"></testcase></testsuite>